D, [2015-01-15T17:43:52.314397 #3665] DEBUG -- : 
Failed to download http://loterias.caixa.gov.br/wps/portal/loterias/landing/megasena - {} (get)
D, [2015-01-15T17:43:52.315470 #3665] DEBUG -- : Agent: #<Mechanize:0x00000006862c60 @agent=#<Mechanize::HTTP::Agent:0x00000006862c38 @allowed_error_codes=[], @conditional_requests=true, @context=#<Mechanize:0x00000006862c60 ...>, @content_encoding_hooks=[], @cookie_jar=#<Mechanize::CookieJar:0x00000006862bc0 @store=#<HTTP::CookieJar::HashStore:0x00000006862b20 @mon_owner=nil, @mon_count=0, @mon_mutex=#<Mutex:0x00000006862a80>, @logger=nil, @gc_threshold=150, @jar={}, @gc_index=0>>, @follow_meta_refresh=false, @follow_meta_refresh_self=false, @gzip_enabled=true, @history=[], @ignore_bad_chunking=false, @keep_alive=true, @max_file_buffer=100000, @open_timeout=nil, @post_connect_hooks=[], @pre_connect_hooks=[], @read_timeout=nil, @redirect_ok=true, @redirection_limit=20, @request_headers={}, @robots=false, @user_agent="Mozilla/5.0 (Macintosh; Intel Mac OS X 10.7; rv:7.0.1) Gecko/20100101 Firefox/7.0.1", @webrobots=nil, @auth_store=#<Mechanize::HTTP::AuthStore:0x00000006862828 @auth_accounts={}, @default_auth=nil>, @authenticate_parser=#<Mechanize::HTTP::WWWAuthenticateParser:0x00000006862788 @scanner=nil>, @authenticate_methods={#<URI::HTTP:0x000000068b86b0 URL:http://loterias.caixa.gov.br/>=>{:digest=>[], :iis_digest=>[], :basic=>[]}}, @digest_auth=#<Net::HTTP::DigestAuth:0x000000068626e8 @mon_owner=nil, @mon_count=0, @mon_mutex=#<Mutex:0x000000068626c0>, @nonce_count=-1>, @digest_challenges={}, @pass=nil, @scheme_handlers={"http"=>#<Proc:0x000000068625d0@/usr/local/rvm/gems/ruby-1.9.3-p547/gems/mechanize-2.7.2/lib/mechanize/http/agent.rb:172 (lambda)>, "https"=>#<Proc:0x000000068625d0@/usr/local/rvm/gems/ruby-1.9.3-p547/gems/mechanize-2.7.2/lib/mechanize/http/agent.rb:172 (lambda)>, "relative"=>#<Proc:0x000000068625d0@/usr/local/rvm/gems/ruby-1.9.3-p547/gems/mechanize-2.7.2/lib/mechanize/http/agent.rb:172 (lambda)>, "file"=>#<Proc:0x000000068625d0@/usr/local/rvm/gems/ruby-1.9.3-p547/gems/mechanize-2.7.2/lib/mechanize/http/agent.rb:172 (lambda)>}, @http=#<Net::HTTP::Persistent:0x000000068623a0 @name="mechanize", @debug_output=nil, @proxy_uri=nil, @no_proxy=[], @headers={}, @override_headers={}, @http_versions={}, @keep_alive=300, @open_timeout=nil, @read_timeout=nil, @idle_timeout=5, @max_requests=nil, @socket_options=[[6, 1, 1]], @generation_key=:net_http_persistent_mechanize_generations, @ssl_generation_key=:net_http_persistent_mechanize_ssl_generations, @request_key=:net_http_persistent_mechanize_requests, @timeout_key=:net_http_persistent_mechanize_timeouts, @certificate=nil, @ca_file=nil, @private_key=nil, @ssl_version=nil, @verify_callback=nil, @verify_mode=1, @cert_store=nil, @generation=1, @ssl_generation=1, @reuse_ssl_sessions=true, @retry_change_requests=false, @ruby_1=true, @retried_on_ruby_2=false>>, @log=#<Logger:0x000000068b9d80 @progname=nil, @level=0, @default_formatter=#<Logger::Formatter:0x000000068b9d30 @datetime_format=nil>, @formatter=#<Utf8LogFormatter:0x000000068b9b50 @datetime_format=nil>, @logdev=#<Logger::LogDevice:0x000000068b9c90 @shift_size=1048576, @shift_age=0, @filename="/home/vagrant/projetos/loto/log/scrapers/mechanize.log", @dev=#<File:/home/vagrant/projetos/loto/log/scrapers/mechanize.log>, @mutex=#<Logger::LogDevice::LogDeviceMutex:0x000000068b9c68 @mon_owner=nil, @mon_count=0, @mon_mutex=#<Mutex:0x000000068b9bf0>>>>, @watch_for_set=nil, @history_added=nil, @pluggable_parser=#<Mechanize::PluggableParser:0x000000068b9f88 @parsers={"text/html"=>Mechanize::Page, "application/xhtml+xml"=>Mechanize::Page, "application/vnd.wap.xhtml+xml"=>Mechanize::Page, "image"=>Mechanize::Image, "text/xml"=>Mechanize::XmlFile, "application/xml"=>Mechanize::XmlFile}, @default=Mechanize::File>, @keep_alive_time=0, @proxy_addr=nil, @proxy_port=nil, @proxy_user=nil, @proxy_pass=nil, @html_parser=Nokogiri::HTML, @default_encoding=nil, @force_default_encoding=false>
D, [2015-01-15T17:43:52.315783 #3665] DEBUG -- : execution expired
D, [2015-01-15T17:43:52.316015 #3665] DEBUG -- : /home/vagrant/projetos/loto/lib/scrapers/base_scraper.rb:176:in `join'
/home/vagrant/projetos/loto/lib/scrapers/base_scraper.rb:176:in `block in make_request'
/home/vagrant/projetos/loto/lib/scrapers/base_scraper.rb:174:in `make_request'
/home/vagrant/projetos/loto/lib/scrapers/base_scraper.rb:54:in `get'
/home/vagrant/projetos/loto/lib/scrapers/lotery.rb:22:in `run'
/home/vagrant/projetos/loto/lib/scrapers/lotery.rb:18:in `block in safe_run'
/home/vagrant/projetos/loto/lib/scrapers/base_scraper.rb:237:in `with_exception_handling'
/home/vagrant/projetos/loto/lib/scrapers/lotery.rb:18:in `safe_run'
/home/vagrant/projetos/loto/lib/scrapers/lotery.rb:8:in `run'
/home/vagrant/projetos/loto/app/monitors/lotery_monitor.rb:14:in `start'
/home/vagrant/projetos/loto/app/monitors/lotery_monitor.rb:4:in `start'
(irb):106:in `irb_binding'
/usr/local/rvm/rubies/ruby-1.9.3-p547/lib/ruby/1.9.1/irb/workspace.rb:80:in `eval'
/usr/local/rvm/rubies/ruby-1.9.3-p547/lib/ruby/1.9.1/irb/workspace.rb:80:in `evaluate'
/usr/local/rvm/rubies/ruby-1.9.3-p547/lib/ruby/1.9.1/irb/context.rb:254:in `evaluate'
/usr/local/rvm/rubies/ruby-1.9.3-p547/lib/ruby/1.9.1/irb.rb:159:in `block (2 levels) in eval_input'
/usr/local/rvm/rubies/ruby-1.9.3-p547/lib/ruby/1.9.1/irb.rb:273:in `signal_status'
/usr/local/rvm/rubies/ruby-1.9.3-p547/lib/ruby/1.9.1/irb.rb:156:in `block in eval_input'
/usr/local/rvm/rubies/ruby-1.9.3-p547/lib/ruby/1.9.1/irb/ruby-lex.rb:243:in `block (2 levels) in each_top_level_statement'
/usr/local/rvm/rubies/ruby-1.9.3-p547/lib/ruby/1.9.1/irb/ruby-lex.rb:229:in `loop'
/usr/local/rvm/rubies/ruby-1.9.3-p547/lib/ruby/1.9.1/irb/ruby-lex.rb:229:in `block in each_top_level_statement'
/usr/local/rvm/rubies/ruby-1.9.3-p547/lib/ruby/1.9.1/irb/ruby-lex.rb:228:in `catch'
/usr/local/rvm/rubies/ruby-1.9.3-p547/lib/ruby/1.9.1/irb/ruby-lex.rb:228:in `each_top_level_statement'
/usr/local/rvm/rubies/ruby-1.9.3-p547/lib/ruby/1.9.1/irb.rb:155:in `eval_input'
/usr/local/rvm/rubies/ruby-1.9.3-p547/lib/ruby/1.9.1/irb.rb:70:in `block in start'
/usr/local/rvm/rubies/ruby-1.9.3-p547/lib/ruby/1.9.1/irb.rb:69:in `catch'
/usr/local/rvm/rubies/ruby-1.9.3-p547/lib/ruby/1.9.1/irb.rb:69:in `start'
/usr/local/rvm/gems/ruby-1.9.3-p547@global/gems/railties-3.2.11/lib/rails/commands/console.rb:47:in `start'
/usr/local/rvm/gems/ruby-1.9.3-p547@global/gems/railties-3.2.11/lib/rails/commands/console.rb:8:in `start'
/usr/local/rvm/gems/ruby-1.9.3-p547@global/gems/railties-3.2.11/lib/rails/commands.rb:41:in `<top (required)>'
script/rails:6:in `require'
script/rails:6:in `<main>'
D, [2015-01-15T17:44:30.947939 #3665] DEBUG -- : 
Failed to download http://loterias.caixa.gov.br/wps/portal/loterias/landing/megasena - {} (get)
D, [2015-01-15T17:44:30.948621 #3665] DEBUG -- : Agent: #<Mechanize:0x0000000601c970 @agent=#<Mechanize::HTTP::Agent:0x0000000601c948 @allowed_error_codes=[], @conditional_requests=true, @context=#<Mechanize:0x0000000601c970 ...>, @content_encoding_hooks=[], @cookie_jar=#<Mechanize::CookieJar:0x0000000601c8d0 @store=#<HTTP::CookieJar::HashStore:0x0000000601c858 @mon_owner=nil, @mon_count=0, @mon_mutex=#<Mutex:0x0000000601c808>, @logger=nil, @gc_threshold=150, @jar={}, @gc_index=0>>, @follow_meta_refresh=false, @follow_meta_refresh_self=false, @gzip_enabled=true, @history=[], @ignore_bad_chunking=false, @keep_alive=true, @max_file_buffer=100000, @open_timeout=nil, @post_connect_hooks=[], @pre_connect_hooks=[], @read_timeout=nil, @redirect_ok=true, @redirection_limit=20, @request_headers={}, @robots=false, @user_agent="Mozilla/5.0 (Macintosh; Intel Mac OS X 10.7; rv:7.0.1) Gecko/20100101 Firefox/7.0.1", @webrobots=nil, @auth_store=#<Mechanize::HTTP::AuthStore:0x0000000601c650 @auth_accounts={}, @default_auth=nil>, @authenticate_parser=#<Mechanize::HTTP::WWWAuthenticateParser:0x0000000601c5b0 @scanner=nil>, @authenticate_methods={#<URI::HTTP:0x0000000601a760 URL:http://loterias.caixa.gov.br/>=>{:digest=>[], :iis_digest=>[], :basic=>[]}}, @digest_auth=#<Net::HTTP::DigestAuth:0x0000000601c510 @mon_owner=nil, @mon_count=0, @mon_mutex=#<Mutex:0x0000000601c4e8>, @nonce_count=-1>, @digest_challenges={}, @pass=nil, @scheme_handlers={"http"=>#<Proc:0x0000000601c420@/usr/local/rvm/gems/ruby-1.9.3-p547/gems/mechanize-2.7.2/lib/mechanize/http/agent.rb:172 (lambda)>, "https"=>#<Proc:0x0000000601c420@/usr/local/rvm/gems/ruby-1.9.3-p547/gems/mechanize-2.7.2/lib/mechanize/http/agent.rb:172 (lambda)>, "relative"=>#<Proc:0x0000000601c420@/usr/local/rvm/gems/ruby-1.9.3-p547/gems/mechanize-2.7.2/lib/mechanize/http/agent.rb:172 (lambda)>, "file"=>#<Proc:0x0000000601c420@/usr/local/rvm/gems/ruby-1.9.3-p547/gems/mechanize-2.7.2/lib/mechanize/http/agent.rb:172 (lambda)>}, @http=#<Net::HTTP::Persistent:0x0000000601c240 @name="mechanize", @debug_output=nil, @proxy_uri=nil, @no_proxy=[], @headers={}, @override_headers={}, @http_versions={}, @keep_alive=300, @open_timeout=nil, @read_timeout=nil, @idle_timeout=5, @max_requests=nil, @socket_options=[[6, 1, 1]], @generation_key=:net_http_persistent_mechanize_generations, @ssl_generation_key=:net_http_persistent_mechanize_ssl_generations, @request_key=:net_http_persistent_mechanize_requests, @timeout_key=:net_http_persistent_mechanize_timeouts, @certificate=nil, @ca_file=nil, @private_key=nil, @ssl_version=nil, @verify_callback=nil, @verify_mode=1, @cert_store=nil, @generation=1, @ssl_generation=1, @reuse_ssl_sessions=true, @retry_change_requests=false, @ruby_1=true, @retried_on_ruby_2=false>>, @log=#<Logger:0x0000000601bbd8 @progname=nil, @level=0, @default_formatter=#<Logger::Formatter:0x0000000601bb88 @datetime_format=nil>, @formatter=#<Utf8LogFormatter:0x0000000601ba20 @datetime_format=nil>, @logdev=#<Logger::LogDevice:0x0000000601bb38 @shift_size=1048576, @shift_age=0, @filename="/home/vagrant/projetos/loto/log/scrapers/mechanize.log", @dev=#<File:/home/vagrant/projetos/loto/log/scrapers/mechanize.log>, @mutex=#<Logger::LogDevice::LogDeviceMutex:0x0000000601bb10 @mon_owner=nil, @mon_count=0, @mon_mutex=#<Mutex:0x0000000601bac0>>>>, @watch_for_set=nil, @history_added=nil, @pluggable_parser=#<Mechanize::PluggableParser:0x0000000601bde0 @parsers={"text/html"=>Mechanize::Page, "application/xhtml+xml"=>Mechanize::Page, "application/vnd.wap.xhtml+xml"=>Mechanize::Page, "image"=>Mechanize::Image, "text/xml"=>Mechanize::XmlFile, "application/xml"=>Mechanize::XmlFile}, @default=Mechanize::File>, @keep_alive_time=0, @proxy_addr=nil, @proxy_port=nil, @proxy_user=nil, @proxy_pass=nil, @html_parser=Nokogiri::HTML, @default_encoding=nil, @force_default_encoding=false>
D, [2015-01-15T17:44:30.948849 #3665] DEBUG -- : execution expired
D, [2015-01-15T17:44:30.949071 #3665] DEBUG -- : /home/vagrant/projetos/loto/lib/scrapers/base_scraper.rb:176:in `join'
/home/vagrant/projetos/loto/lib/scrapers/base_scraper.rb:176:in `block in make_request'
/home/vagrant/projetos/loto/lib/scrapers/base_scraper.rb:174:in `make_request'
/home/vagrant/projetos/loto/lib/scrapers/base_scraper.rb:54:in `get'
/home/vagrant/projetos/loto/lib/scrapers/lotery.rb:22:in `run'
/home/vagrant/projetos/loto/lib/scrapers/lotery.rb:18:in `block in safe_run'
/home/vagrant/projetos/loto/lib/scrapers/base_scraper.rb:237:in `with_exception_handling'
/home/vagrant/projetos/loto/lib/scrapers/lotery.rb:18:in `safe_run'
/home/vagrant/projetos/loto/lib/scrapers/lotery.rb:8:in `run'
/home/vagrant/projetos/loto/app/monitors/lotery_monitor.rb:14:in `start'
/home/vagrant/projetos/loto/app/monitors/lotery_monitor.rb:4:in `start'
(irb):139:in `irb_binding'
/usr/local/rvm/rubies/ruby-1.9.3-p547/lib/ruby/1.9.1/irb/workspace.rb:80:in `eval'
/usr/local/rvm/rubies/ruby-1.9.3-p547/lib/ruby/1.9.1/irb/workspace.rb:80:in `evaluate'
/usr/local/rvm/rubies/ruby-1.9.3-p547/lib/ruby/1.9.1/irb/context.rb:254:in `evaluate'
/usr/local/rvm/rubies/ruby-1.9.3-p547/lib/ruby/1.9.1/irb.rb:159:in `block (2 levels) in eval_input'
/usr/local/rvm/rubies/ruby-1.9.3-p547/lib/ruby/1.9.1/irb.rb:273:in `signal_status'
/usr/local/rvm/rubies/ruby-1.9.3-p547/lib/ruby/1.9.1/irb.rb:156:in `block in eval_input'
/usr/local/rvm/rubies/ruby-1.9.3-p547/lib/ruby/1.9.1/irb/ruby-lex.rb:243:in `block (2 levels) in each_top_level_statement'
/usr/local/rvm/rubies/ruby-1.9.3-p547/lib/ruby/1.9.1/irb/ruby-lex.rb:229:in `loop'
/usr/local/rvm/rubies/ruby-1.9.3-p547/lib/ruby/1.9.1/irb/ruby-lex.rb:229:in `block in each_top_level_statement'
/usr/local/rvm/rubies/ruby-1.9.3-p547/lib/ruby/1.9.1/irb/ruby-lex.rb:228:in `catch'
/usr/local/rvm/rubies/ruby-1.9.3-p547/lib/ruby/1.9.1/irb/ruby-lex.rb:228:in `each_top_level_statement'
/usr/local/rvm/rubies/ruby-1.9.3-p547/lib/ruby/1.9.1/irb.rb:155:in `eval_input'
/usr/local/rvm/rubies/ruby-1.9.3-p547/lib/ruby/1.9.1/irb.rb:70:in `block in start'
/usr/local/rvm/rubies/ruby-1.9.3-p547/lib/ruby/1.9.1/irb.rb:69:in `catch'
/usr/local/rvm/rubies/ruby-1.9.3-p547/lib/ruby/1.9.1/irb.rb:69:in `start'
/usr/local/rvm/gems/ruby-1.9.3-p547@global/gems/railties-3.2.11/lib/rails/commands/console.rb:47:in `start'
/usr/local/rvm/gems/ruby-1.9.3-p547@global/gems/railties-3.2.11/lib/rails/commands/console.rb:8:in `start'
/usr/local/rvm/gems/ruby-1.9.3-p547@global/gems/railties-3.2.11/lib/rails/commands.rb:41:in `<top (required)>'
script/rails:6:in `require'
script/rails:6:in `<main>'
